<?xml version="1.0" encoding="UTF-8"?>
<!-- Generated by org.testng.reporters.JUnitReportReporter -->
<testsuite skipped="0" hostname="DESKTOP-E9HMKV1" name="POMDemo.poi_read" tests="1" failures="0" timestamp="14 Feb 2021 08:09:22 GMT" time="0.496" errors="0">
  <testcase name="readDat" time="0.496" classname="POMDemo.poi_read"/>
</testsuite> <!-- POMDemo.poi_read -->
